[2021-03-26 00:30:36] Текст ошибки: Страница не найдена | Файл: C:\OpenServer\domains\ictis-portfolio.ru\public\index.php | Строка: 8
=============
[2021-03-26 00:30:36] Текст ошибки: Страница не найдена | Файл: C:\OpenServer\domains\ictis-portfolio.ru\public\index.php | Строка: 8
=============
[2021-03-26 00:33:30] Текст ошибки: Страница не найдена | Файл: C:\OpenServer\domains\ictis-portfolio.ru\public\index.php | Строка: 8
=============
[2021-03-26 00:36:05] Текст ошибки: Страница не найдена | Файл: C:\OpenServer\domains\ictis-portfolio.ru\public\index.php | Строка: 8
=============
[2021-03-26 00:42:21] Текст ошибки: Страница не найдена | Файл: C:\OpenServer\domains\ictis-portfolio.ru\public\index.php | Строка: 8
=============
[2021-03-26 20:16:18] Текст ошибки: Страница не найдена | Файл: C:\OpenServer\domains\ictis-portfolio.ru\public\index.php | Строка: 8
=============
[2021-03-26 23:53:33] Текст ошибки: Страница не найдена | Файл: C:\OpenServer\domains\ictis-portfolio.ru\public\index.php | Строка: 8
=============
[2021-03-26 23:53:38] Текст ошибки: Страница не найдена | Файл: C:\OpenServer\domains\ictis-portfolio.ru\public\index.php | Строка: 8
=============
[2021-03-26 23:58:46] Текст ошибки: Страница не найдена | Файл: C:\OpenServer\domains\ictis-portfolio.ru\public\index.php | Строка: 8
=============
[2021-03-27 03:09:39] Текст ошибки: Страница не найдена | Файл: C:\OpenServer\domains\ictis-portfolio.ru\vendor\ictis_portfolio\core\Router.php | Строка: 32
=============
[2021-03-27 03:09:59] Текст ошибки: Страница не найдена | Файл: C:\OpenServer\domains\ictis-portfolio.ru\vendor\ictis_portfolio\core\Router.php | Строка: 32
=============
[2021-03-27 03:10:33] Текст ошибки: Страница не найдена | Файл: C:\OpenServer\domains\ictis-portfolio.ru\vendor\ictis_portfolio\core\Router.php | Строка: 32
=============
[2021-03-27 03:10:33] Текст ошибки: Страница не найдена | Файл: C:\OpenServer\domains\ictis-portfolio.ru\vendor\ictis_portfolio\core\Router.php | Строка: 32
=============
[2021-03-27 03:10:33] Текст ошибки: Страница не найдена | Файл: C:\OpenServer\domains\ictis-portfolio.ru\vendor\ictis_portfolio\core\Router.php | Строка: 32
=============
[2021-03-27 03:10:33] Текст ошибки: Страница не найдена | Файл: C:\OpenServer\domains\ictis-portfolio.ru\vendor\ictis_portfolio\core\Router.php | Строка: 32
=============
[2021-03-27 03:16:13] Текст ошибки: Страница не найдена | Файл: C:\OpenServer\domains\ictis-portfolio.ru\vendor\ictis_portfolio\core\Router.php | Строка: 32
=============
[2021-03-27 03:16:20] Текст ошибки: Страница не найдена | Файл: C:\OpenServer\domains\ictis-portfolio.ru\vendor\ictis_portfolio\core\Router.php | Строка: 32
=============
[2021-03-27 03:16:53] Текст ошибки: Страница не найдена | Файл: C:\OpenServer\domains\ictis-portfolio.ru\vendor\ictis_portfolio\core\Router.php | Строка: 32
=============
[2021-03-27 03:32:51] Текст ошибки: Страница не найдена | Файл: C:\OpenServer\domains\ictis-portfolio.ru\vendor\ictis_portfolio\core\Router.php | Строка: 32
=============
[2021-03-27 04:33:38] Текст ошибки: Контроллер app\controllers\PageNewController не найден | Файл: C:\OpenServer\domains\ictis-portfolio.ru\vendor\ictis_portfolio\core\Router.php | Строка: 37
=============
[2021-03-27 04:40:32] Текст ошибки: Контроллер app\controllers\PageNewController не найден | Файл: C:\OpenServer\domains\ictis-portfolio.ru\vendor\ictis_portfolio\core\Router.php | Строка: 47
=============
[2021-03-27 04:42:12] Текст ошибки: Контроллер app\controllers\PageNewController не найден | Файл: C:\OpenServer\domains\ictis-portfolio.ru\vendor\ictis_portfolio\core\Router.php | Строка: 47
=============
[2021-03-27 04:42:20] Текст ошибки: Метод app\controllers\MainController::indexAction не найден | Файл: C:\OpenServer\domains\ictis-portfolio.ru\vendor\ictis_portfolio\core\Router.php | Строка: 42
=============
[2021-03-27 17:58:59] Текст ошибки: Не найден вид C:\OpenServer\domains\ictis-portfolio.ru/app/views/Main/index.php | Файл: C:\OpenServer\domains\ictis-portfolio.ru\vendor\ictis_portfolio\core\base\View.php | Строка: 38
=============
[2021-03-27 17:59:40] Текст ошибки: Контроллер app\controllers\MaController не найден | Файл: C:\OpenServer\domains\ictis-portfolio.ru\vendor\ictis_portfolio\core\Router.php | Строка: 48
=============
[2021-03-27 18:00:48] Текст ошибки: Контроллер app\controllers\MaController не найден | Файл: C:\OpenServer\domains\ictis-portfolio.ru\vendor\ictis_portfolio\core\Router.php | Строка: 48
=============
[2021-03-27 18:00:49] Текст ошибки: Контроллер app\controllers\MaController не найден | Файл: C:\OpenServer\domains\ictis-portfolio.ru\vendor\ictis_portfolio\core\Router.php | Строка: 48
=============
[2021-03-27 18:00:49] Текст ошибки: Контроллер app\controllers\MaController не найден | Файл: C:\OpenServer\domains\ictis-portfolio.ru\vendor\ictis_portfolio\core\Router.php | Строка: 48
=============
[2021-03-27 22:42:03] Текст ошибки: Страница не найдена | Файл: C:\OpenServer\domains\ictis-portfolio.ru\vendor\ictis_portfolio\core\Router.php | Строка: 55
=============
[2021-03-27 22:44:11] Текст ошибки: Контроллер app\controllers\PageController не найден | Файл: C:\OpenServer\domains\ictis-portfolio.ru\vendor\ictis_portfolio\core\Router.php | Строка: 52
=============
[2021-03-27 22:45:04] Текст ошибки: Контроллер app\controllers\PageController не найден | Файл: C:\OpenServer\domains\ictis-portfolio.ru\vendor\ictis_portfolio\core\Router.php | Строка: 52
=============
[2021-03-27 22:45:15] Текст ошибки: Контроллер app\controllers\PageController не найден | Файл: C:\OpenServer\domains\ictis-portfolio.ru\vendor\ictis_portfolio\core\Router.php | Строка: 52
=============
[2021-03-27 22:50:44] Текст ошибки: Контроллер app\controllers\PageController не найден | Файл: C:\OpenServer\domains\ictis-portfolio.ru\vendor\ictis_portfolio\core\Router.php | Строка: 52
=============
[2021-03-27 22:50:45] Текст ошибки: Контроллер app\controllers\PageController не найден | Файл: C:\OpenServer\domains\ictis-portfolio.ru\vendor\ictis_portfolio\core\Router.php | Строка: 52
=============
[2021-03-27 22:50:45] Текст ошибки: Контроллер app\controllers\PageController не найден | Файл: C:\OpenServer\domains\ictis-portfolio.ru\vendor\ictis_portfolio\core\Router.php | Строка: 52
=============
[2021-03-27 22:50:45] Текст ошибки: Контроллер app\controllers\PageController не найден | Файл: C:\OpenServer\domains\ictis-portfolio.ru\vendor\ictis_portfolio\core\Router.php | Строка: 52
=============
[2021-03-27 22:50:45] Текст ошибки: Контроллер app\controllers\PageController не найден | Файл: C:\OpenServer\domains\ictis-portfolio.ru\vendor\ictis_portfolio\core\Router.php | Строка: 52
=============
[2021-03-27 22:58:34] Текст ошибки: Контроллер app\controllers\PageController не найден | Файл: C:\OpenServer\domains\ictis-portfolio.ru\vendor\ictis_portfolio\core\Router.php | Строка: 52
=============
[2021-03-27 23:00:21] Текст ошибки: Контроллер app\controllers\PageController не найден | Файл: C:\OpenServer\domains\ictis-portfolio.ru\vendor\ictis_portfolio\core\Router.php | Строка: 52
=============
[2021-03-27 23:07:26] Текст ошибки: Контроллер app\controllers\PageController не найден | Файл: C:\OpenServer\domains\ictis-portfolio.ru\vendor\ictis_portfolio\core\Router.php | Строка: 52
=============
[2021-03-27 23:08:12] Текст ошибки: Метод app\controllers\PageController::viewAction не найден | Файл: C:\OpenServer\domains\ictis-portfolio.ru\vendor\ictis_portfolio\core\Router.php | Строка: 47
=============
[2021-03-27 23:08:40] Текст ошибки: Call to undefined method app\controllers\PageController::getView() | Файл: C:\OpenServer\domains\ictis-portfolio.ru\vendor\ictis_portfolio\core\Router.php | Строка: 43
=============
[2021-03-27 23:08:40] Текст ошибки: Call to undefined method app\controllers\PageController::getView() | Файл: C:\OpenServer\domains\ictis-portfolio.ru\vendor\ictis_portfolio\core\Router.php | Строка: 43
=============
[2021-03-27 23:08:41] Текст ошибки: Call to undefined method app\controllers\PageController::getView() | Файл: C:\OpenServer\domains\ictis-portfolio.ru\vendor\ictis_portfolio\core\Router.php | Строка: 43
=============
[2021-03-27 23:08:41] Текст ошибки: Call to undefined method app\controllers\PageController::getView() | Файл: C:\OpenServer\domains\ictis-portfolio.ru\vendor\ictis_portfolio\core\Router.php | Строка: 43
=============
[2021-03-27 23:08:43] Текст ошибки: Call to undefined method app\controllers\PageController::getView() | Файл: C:\OpenServer\domains\ictis-portfolio.ru\vendor\ictis_portfolio\core\Router.php | Строка: 43
=============
[2021-03-27 23:13:51] Текст ошибки: Call to undefined method app\controllers\PageController::getView() | Файл: C:\OpenServer\domains\ictis-portfolio.ru\vendor\ictis_portfolio\core\Router.php | Строка: 43
=============
[2021-03-27 23:14:22] Текст ошибки: Call to undefined method app\controllers\PageController::getView() | Файл: C:\OpenServer\domains\ictis-portfolio.ru\vendor\ictis_portfolio\core\Router.php | Строка: 43
=============
[2021-03-27 23:14:23] Текст ошибки: Call to undefined method app\controllers\PageController::getView() | Файл: C:\OpenServer\domains\ictis-portfolio.ru\vendor\ictis_portfolio\core\Router.php | Строка: 43
=============
[2021-03-27 23:14:23] Текст ошибки: Call to undefined method app\controllers\PageController::getView() | Файл: C:\OpenServer\domains\ictis-portfolio.ru\vendor\ictis_portfolio\core\Router.php | Строка: 43
=============
[2021-03-27 23:14:31] Текст ошибки: Call to undefined method app\controllers\PageController::action() | Файл: C:\OpenServer\domains\ictis-portfolio.ru\vendor\ictis_portfolio\core\Router.php | Строка: 42
=============
[2021-03-27 23:14:33] Текст ошибки: Call to undefined method app\controllers\PageController::action() | Файл: C:\OpenServer\domains\ictis-portfolio.ru\vendor\ictis_portfolio\core\Router.php | Строка: 42
=============
[2021-03-27 23:14:37] Текст ошибки: Call to undefined method app\controllers\PageController::getView() | Файл: C:\OpenServer\domains\ictis-portfolio.ru\vendor\ictis_portfolio\core\Router.php | Строка: 43
=============
[2021-03-27 23:15:14] Текст ошибки: Call to undefined method app\controllers\PageController::getView() | Файл: C:\OpenServer\domains\ictis-portfolio.ru\vendor\ictis_portfolio\core\Router.php | Строка: 43
=============
[2021-03-27 23:26:13] Текст ошибки: Не найден вид C:\OpenServer\domains\ictis-portfolio.ru/app/views/Page/view.php | Файл: C:\OpenServer\domains\ictis-portfolio.ru\vendor\ictis_portfolio\core\base\View.php | Строка: 45
=============
[2021-03-27 23:26:14] Текст ошибки: Не найден вид C:\OpenServer\domains\ictis-portfolio.ru/app/views/Page/view.php | Файл: C:\OpenServer\domains\ictis-portfolio.ru\vendor\ictis_portfolio\core\base\View.php | Строка: 45
=============
[2021-03-27 23:26:29] Текст ошибки: Не найден вид C:\OpenServer\domains\ictis-portfolio.ru/app/views/Page/view.php | Файл: C:\OpenServer\domains\ictis-portfolio.ru\vendor\ictis_portfolio\core\base\View.php | Строка: 45
=============
[2021-03-27 23:50:21] Текст ошибки: Не найден вид C:\OpenServer\domains\ictis-portfolio.ru/app/views/Page/view.php | Файл: C:\OpenServer\domains\ictis-portfolio.ru\vendor\ictis_portfolio\core\base\View.php | Строка: 45
=============
[2021-03-28 01:03:09] Текст ошибки: Не найден вид C:\OpenServer\domains\ictis-portfolio.ru/app/views/Page/view.php | Файл: C:\OpenServer\domains\ictis-portfolio.ru\vendor\ictis_portfolio\core\base\View.php | Строка: 45
=============
[2021-03-28 01:03:10] Текст ошибки: Не найден вид C:\OpenServer\domains\ictis-portfolio.ru/app/views/Page/view.php | Файл: C:\OpenServer\domains\ictis-portfolio.ru\vendor\ictis_portfolio\core\base\View.php | Строка: 45
=============
[2021-03-28 01:06:38] Текст ошибки: Не найден вид C:\OpenServer\domains\ictis-portfolio.ru/app/views/Page/view.php | Файл: C:\OpenServer\domains\ictis-portfolio.ru\vendor\ictis_portfolio\core\base\View.php | Строка: 45
=============
[2021-03-28 01:06:52] Текст ошибки: Не найден вид C:\OpenServer\domains\ictis-portfolio.ru/app/views/Page/view.php | Файл: C:\OpenServer\domains\ictis-portfolio.ru\vendor\ictis_portfolio\core\base\View.php | Строка: 45
=============
[2021-03-28 01:24:45] Текст ошибки: Class 'R' not found | Файл: C:\OpenServer\domains\ictis-portfolio.ru\vendor\ictis_portfolio\core\Db.php | Строка: 17
=============
[2021-03-28 01:24:46] Текст ошибки: Class 'R' not found | Файл: C:\OpenServer\domains\ictis-portfolio.ru\vendor\ictis_portfolio\core\Db.php | Строка: 17
=============
[2021-03-28 01:24:46] Текст ошибки: Class 'R' not found | Файл: C:\OpenServer\domains\ictis-portfolio.ru\vendor\ictis_portfolio\core\Db.php | Строка: 17
=============
[2021-03-28 01:24:46] Текст ошибки: Class 'R' not found | Файл: C:\OpenServer\domains\ictis-portfolio.ru\vendor\ictis_portfolio\core\Db.php | Строка: 17
=============
[2021-03-28 01:24:57] Текст ошибки: Class 'R' not found | Файл: C:\OpenServer\domains\ictis-portfolio.ru\vendor\ictis_portfolio\core\Db.php | Строка: 17
=============
[2021-03-28 01:24:57] Текст ошибки: Class 'R' not found | Файл: C:\OpenServer\domains\ictis-portfolio.ru\vendor\ictis_portfolio\core\Db.php | Строка: 17
=============
[2021-03-28 01:25:28] Текст ошибки: Class 'R' not found | Файл: C:\OpenServer\domains\ictis-portfolio.ru\vendor\ictis_portfolio\core\Db.php | Строка: 15
=============
[2021-03-28 01:25:29] Текст ошибки: Class 'R' not found | Файл: C:\OpenServer\domains\ictis-portfolio.ru\vendor\ictis_portfolio\core\Db.php | Строка: 15
=============
[2021-03-28 01:25:29] Текст ошибки: Class 'R' not found | Файл: C:\OpenServer\domains\ictis-portfolio.ru\vendor\ictis_portfolio\core\Db.php | Строка: 15
=============
[2021-03-28 01:25:45] Текст ошибки: Class 'R' not found | Файл: C:\OpenServer\domains\ictis-portfolio.ru\vendor\ictis_portfolio\core\Db.php | Строка: 17
=============
[2021-03-28 01:36:13] Текст ошибки: Class 'R' not found | Файл: C:\OpenServer\domains\ictis-portfolio.ru\vendor\ictis_portfolio\core\Db.php | Строка: 15
=============
[2021-03-28 01:36:13] Текст ошибки: Class 'R' not found | Файл: C:\OpenServer\domains\ictis-portfolio.ru\vendor\ictis_portfolio\core\Db.php | Строка: 15
=============
[2021-03-28 01:37:03] Текст ошибки: Call to undefined function RedBeanPHP\class_alias() | Файл: C:\OpenServer\domains\ictis-portfolio.ru\vendor\ictis_portfolio\core\Db.php | Строка: 15
=============
[2021-03-28 01:37:03] Текст ошибки: Call to undefined function RedBeanPHP\class_alias() | Файл: C:\OpenServer\domains\ictis-portfolio.ru\vendor\ictis_portfolio\core\Db.php | Строка: 15
=============
[2021-03-28 01:37:03] Текст ошибки: Call to undefined function RedBeanPHP\class_alias() | Файл: C:\OpenServer\domains\ictis-portfolio.ru\vendor\ictis_portfolio\core\Db.php | Строка: 15
=============
[2021-03-28 01:37:03] Текст ошибки: Call to undefined function RedBeanPHP\class_alias() | Файл: C:\OpenServer\domains\ictis-portfolio.ru\vendor\ictis_portfolio\core\Db.php | Строка: 15
=============
[2021-03-28 01:37:26] Текст ошибки: Call to undefined function RedBeanPHP\class_alias() | Файл: C:\OpenServer\domains\ictis-portfolio.ru\vendor\ictis_portfolio\core\Db.php | Строка: 15
=============
[2021-03-28 01:37:27] Текст ошибки: Call to undefined function RedBeanPHP\class_alias() | Файл: C:\OpenServer\domains\ictis-portfolio.ru\vendor\ictis_portfolio\core\Db.php | Строка: 15
=============
[2021-03-28 01:37:27] Текст ошибки: Call to undefined function RedBeanPHP\class_alias() | Файл: C:\OpenServer\domains\ictis-portfolio.ru\vendor\ictis_portfolio\core\Db.php | Строка: 15
=============
[2021-03-28 01:37:27] Текст ошибки: Call to undefined function RedBeanPHP\class_alias() | Файл: C:\OpenServer\domains\ictis-portfolio.ru\vendor\ictis_portfolio\core\Db.php | Строка: 15
=============
[2021-03-28 01:37:28] Текст ошибки: Call to undefined function RedBeanPHP\class_alias() | Файл: C:\OpenServer\domains\ictis-portfolio.ru\vendor\ictis_portfolio\core\Db.php | Строка: 15
=============
[2021-03-28 01:37:28] Текст ошибки: Call to undefined function RedBeanPHP\class_alias() | Файл: C:\OpenServer\domains\ictis-portfolio.ru\vendor\ictis_portfolio\core\Db.php | Строка: 15
=============
[2021-03-28 01:37:28] Текст ошибки: Call to undefined function RedBeanPHP\class_alias() | Файл: C:\OpenServer\domains\ictis-portfolio.ru\vendor\ictis_portfolio\core\Db.php | Строка: 15
=============
[2021-03-28 01:37:49] Текст ошибки: Call to undefined function RedBeanPHP\class_alias() | Файл: C:\OpenServer\domains\ictis-portfolio.ru\vendor\ictis_portfolio\core\Db.php | Строка: 18
=============
[2021-03-28 01:37:49] Текст ошибки: Call to undefined function RedBeanPHP\class_alias() | Файл: C:\OpenServer\domains\ictis-portfolio.ru\vendor\ictis_portfolio\core\Db.php | Строка: 18
=============
[2021-03-28 01:37:49] Текст ошибки: Call to undefined function RedBeanPHP\class_alias() | Файл: C:\OpenServer\domains\ictis-portfolio.ru\vendor\ictis_portfolio\core\Db.php | Строка: 18
=============
[2021-03-28 01:37:49] Текст ошибки: Call to undefined function RedBeanPHP\class_alias() | Файл: C:\OpenServer\domains\ictis-portfolio.ru\vendor\ictis_portfolio\core\Db.php | Строка: 18
=============
[2021-03-28 01:37:49] Текст ошибки: Call to undefined function RedBeanPHP\class_alias() | Файл: C:\OpenServer\domains\ictis-portfolio.ru\vendor\ictis_portfolio\core\Db.php | Строка: 18
=============
[2021-03-28 01:37:50] Текст ошибки: Call to undefined function RedBeanPHP\class_alias() | Файл: C:\OpenServer\domains\ictis-portfolio.ru\vendor\ictis_portfolio\core\Db.php | Строка: 18
=============
[2021-03-28 01:37:50] Текст ошибки: Call to undefined function RedBeanPHP\class_alias() | Файл: C:\OpenServer\domains\ictis-portfolio.ru\vendor\ictis_portfolio\core\Db.php | Строка: 18
=============
[2021-03-28 01:38:20] Текст ошибки: Class 'R' not found | Файл: C:\OpenServer\domains\ictis-portfolio.ru\vendor\ictis_portfolio\core\Db.php | Строка: 20
=============
[2021-03-28 01:38:21] Текст ошибки: Class 'R' not found | Файл: C:\OpenServer\domains\ictis-portfolio.ru\vendor\ictis_portfolio\core\Db.php | Строка: 20
=============
[2021-03-28 01:38:21] Текст ошибки: Class 'R' not found | Файл: C:\OpenServer\domains\ictis-portfolio.ru\vendor\ictis_portfolio\core\Db.php | Строка: 20
=============
[2021-03-28 01:39:17] Текст ошибки: Class 'R' not found | Файл: C:\OpenServer\domains\ictis-portfolio.ru\vendor\ictis_portfolio\core\Db.php | Строка: 20
=============
[2021-03-28 01:39:25] Текст ошибки: Class 'R' not found | Файл: C:\OpenServer\domains\ictis-portfolio.ru\vendor\ictis_portfolio\core\Db.php | Строка: 20
=============
[2021-03-28 01:39:52] Текст ошибки: Class 'R' not found | Файл: C:\OpenServer\domains\ictis-portfolio.ru\vendor\ictis_portfolio\core\Db.php | Строка: 17
=============
[2021-03-28 01:39:53] Текст ошибки: Class 'R' not found | Файл: C:\OpenServer\domains\ictis-portfolio.ru\vendor\ictis_portfolio\core\Db.php | Строка: 17
=============
[2021-03-28 01:39:53] Текст ошибки: Class 'R' not found | Файл: C:\OpenServer\domains\ictis-portfolio.ru\vendor\ictis_portfolio\core\Db.php | Строка: 17
=============
[2021-03-28 01:39:53] Текст ошибки: Class 'R' not found | Файл: C:\OpenServer\domains\ictis-portfolio.ru\vendor\ictis_portfolio\core\Db.php | Строка: 17
=============
[2021-03-28 01:41:13] Текст ошибки: Class 'ictis_portfolio\R' not found | Файл: C:\OpenServer\domains\ictis-portfolio.ru\vendor\ictis_portfolio\core\Db.php | Строка: 15
=============
[2021-03-28 01:41:14] Текст ошибки: Class 'ictis_portfolio\R' not found | Файл: C:\OpenServer\domains\ictis-portfolio.ru\vendor\ictis_portfolio\core\Db.php | Строка: 15
=============
[2021-03-28 01:42:00] Текст ошибки: Class 'ictis_portfolio\R' not found | Файл: C:\OpenServer\domains\ictis-portfolio.ru\vendor\ictis_portfolio\core\Db.php | Строка: 17
=============
[2021-03-28 01:42:22] Текст ошибки: Class 'ictis_portfolio\R' not found | Файл: C:\OpenServer\domains\ictis-portfolio.ru\vendor\ictis_portfolio\core\Db.php | Строка: 19
=============
[2021-03-28 01:42:23] Текст ошибки: Class 'ictis_portfolio\R' not found | Файл: C:\OpenServer\domains\ictis-portfolio.ru\vendor\ictis_portfolio\core\Db.php | Строка: 19
=============
[2021-03-28 01:42:23] Текст ошибки: Class 'ictis_portfolio\R' not found | Файл: C:\OpenServer\domains\ictis-portfolio.ru\vendor\ictis_portfolio\core\Db.php | Строка: 19
=============
[2021-03-28 01:42:23] Текст ошибки: Class 'ictis_portfolio\R' not found | Файл: C:\OpenServer\domains\ictis-portfolio.ru\vendor\ictis_portfolio\core\Db.php | Строка: 19
=============
[2021-03-28 01:42:23] Текст ошибки: Class 'ictis_portfolio\R' not found | Файл: C:\OpenServer\domains\ictis-portfolio.ru\vendor\ictis_portfolio\core\Db.php | Строка: 19
=============
[2021-03-28 01:42:26] Текст ошибки: Class 'ictis_portfolio\R' not found | Файл: C:\OpenServer\domains\ictis-portfolio.ru\vendor\ictis_portfolio\core\Db.php | Строка: 19
=============
[2021-03-28 01:42:36] Текст ошибки: Нет соединения с БД | Файл: C:\OpenServer\domains\ictis-portfolio.ru\vendor\ictis_portfolio\core\Db.php | Строка: 21
=============
[2021-03-28 01:42:48] Текст ошибки: Нет соединения с БД | Файл: C:\OpenServer\domains\ictis-portfolio.ru\vendor\ictis_portfolio\core\Db.php | Строка: 21
=============
[2021-03-28 01:44:05] Текст ошибки: Нет соединения с БД | Файл: C:\OpenServer\domains\ictis-portfolio.ru\vendor\ictis_portfolio\core\Db.php | Строка: 21
=============
[2021-03-28 01:44:05] Текст ошибки: Нет соединения с БД | Файл: C:\OpenServer\domains\ictis-portfolio.ru\vendor\ictis_portfolio\core\Db.php | Строка: 21
=============
[2021-03-28 01:44:05] Текст ошибки: Нет соединения с БД | Файл: C:\OpenServer\domains\ictis-portfolio.ru\vendor\ictis_portfolio\core\Db.php | Строка: 21
=============
[2021-03-28 01:44:05] Текст ошибки: Нет соединения с БД | Файл: C:\OpenServer\domains\ictis-portfolio.ru\vendor\ictis_portfolio\core\Db.php | Строка: 21
=============
[2021-03-28 01:44:05] Текст ошибки: Нет соединения с БД | Файл: C:\OpenServer\domains\ictis-portfolio.ru\vendor\ictis_portfolio\core\Db.php | Строка: 21
=============
[2021-03-28 01:44:06] Текст ошибки: Нет соединения с БД | Файл: C:\OpenServer\domains\ictis-portfolio.ru\vendor\ictis_portfolio\core\Db.php | Строка: 21
=============
[2021-03-28 01:46:48] Текст ошибки: Нет соединения с БД | Файл: C:\OpenServer\domains\ictis-portfolio.ru\vendor\ictis_portfolio\core\Db.php | Строка: 22
=============
[2021-03-28 01:46:49] Текст ошибки: Нет соединения с БД | Файл: C:\OpenServer\domains\ictis-portfolio.ru\vendor\ictis_portfolio\core\Db.php | Строка: 22
=============
[2021-03-28 01:47:07] Текст ошибки: Class 'RedBeanPHP\R' not found | Файл: C:\OpenServer\domains\ictis-portfolio.ru\vendor\ictis_portfolio\core\Db.php | Строка: 18
=============
[2021-03-28 01:47:07] Текст ошибки: Class 'RedBeanPHP\R' not found | Файл: C:\OpenServer\domains\ictis-portfolio.ru\vendor\ictis_portfolio\core\Db.php | Строка: 18
=============
[2021-03-28 01:47:08] Текст ошибки: Class 'RedBeanPHP\R' not found | Файл: C:\OpenServer\domains\ictis-portfolio.ru\vendor\ictis_portfolio\core\Db.php | Строка: 18
=============
[2021-03-28 01:47:08] Текст ошибки: Class 'RedBeanPHP\R' not found | Файл: C:\OpenServer\domains\ictis-portfolio.ru\vendor\ictis_portfolio\core\Db.php | Строка: 18
=============
[2021-03-28 01:47:56] Текст ошибки: Нет соединения с БД | Файл: C:\OpenServer\domains\ictis-portfolio.ru\vendor\ictis_portfolio\core\Db.php | Строка: 22
=============
[2021-03-28 01:47:56] Текст ошибки: Нет соединения с БД | Файл: C:\OpenServer\domains\ictis-portfolio.ru\vendor\ictis_portfolio\core\Db.php | Строка: 22
=============
[2021-03-28 01:47:56] Текст ошибки: Нет соединения с БД | Файл: C:\OpenServer\domains\ictis-portfolio.ru\vendor\ictis_portfolio\core\Db.php | Строка: 22
=============
[2021-03-28 01:49:40] Текст ошибки: Нет соединения с БД | Файл: C:\OpenServer\domains\ictis-portfolio.ru\vendor\ictis_portfolio\core\Db.php | Строка: 22
=============
[2021-03-28 02:09:42] Текст ошибки: Нет соединения с БД | Файл: C:\OpenServer\domains\ictis-portfolio.ru\vendor\ictis_portfolio\core\Db.php | Строка: 22
=============
[2021-03-28 02:17:34] Текст ошибки: Нет соединения с БД | Файл: C:\OpenServer\domains\ictis-portfolio.ru\vendor\ictis_portfolio\core\Db.php | Строка: 22
=============
[2021-03-28 02:19:05] Текст ошибки: Нет соединения с БД | Файл: C:\OpenServer\domains\ictis-portfolio.ru\vendor\ictis_portfolio\core\Db.php | Строка: 21
=============
[2021-03-28 02:19:06] Текст ошибки: Нет соединения с БД | Файл: C:\OpenServer\domains\ictis-portfolio.ru\vendor\ictis_portfolio\core\Db.php | Строка: 21
=============
[2021-03-28 02:19:06] Текст ошибки: Нет соединения с БД | Файл: C:\OpenServer\domains\ictis-portfolio.ru\vendor\ictis_portfolio\core\Db.php | Строка: 21
=============
[2021-03-28 02:19:20] Текст ошибки: Class '\RedBeanPHP\QueryWriter\SQLiteT' not found | Файл: C:\OpenServer\domains\ictis-portfolio.ru\vendor\ictis_portfolio\core\libs\rb-mysql.php | Строка: 12215
=============
[2021-03-28 02:19:20] Текст ошибки: Class '\RedBeanPHP\QueryWriter\SQLiteT' not found | Файл: C:\OpenServer\domains\ictis-portfolio.ru\vendor\ictis_portfolio\core\libs\rb-mysql.php | Строка: 12215
=============
[2021-03-28 02:19:20] Текст ошибки: Class '\RedBeanPHP\QueryWriter\SQLiteT' not found | Файл: C:\OpenServer\domains\ictis-portfolio.ru\vendor\ictis_portfolio\core\libs\rb-mysql.php | Строка: 12215
=============
[2021-03-28 02:19:20] Текст ошибки: Class '\RedBeanPHP\QueryWriter\SQLiteT' not found | Файл: C:\OpenServer\domains\ictis-portfolio.ru\vendor\ictis_portfolio\core\libs\rb-mysql.php | Строка: 12215
=============
[2021-03-28 02:19:30] Текст ошибки: Class '\RedBeanPHP\QueryWriter\SQLiteT' not found | Файл: C:\OpenServer\domains\ictis-portfolio.ru\vendor\ictis_portfolio\core\libs\rb-mysql.php | Строка: 12215
=============
[2021-03-28 02:19:56] Текст ошибки: Unsupported database (). | Файл: C:\OpenServer\domains\ictis-portfolio.ru\vendor\ictis_portfolio\core\libs\rb-mysql.php | Строка: 12212
=============
[2021-03-28 02:19:57] Текст ошибки: Unsupported database (). | Файл: C:\OpenServer\domains\ictis-portfolio.ru\vendor\ictis_portfolio\core\libs\rb-mysql.php | Строка: 12212
=============
[2021-03-28 02:19:57] Текст ошибки: Unsupported database (). | Файл: C:\OpenServer\domains\ictis-portfolio.ru\vendor\ictis_portfolio\core\libs\rb-mysql.php | Строка: 12212
=============
[2021-03-28 02:20:30] Текст ошибки: Нет соединения с БД | Файл: C:\OpenServer\domains\ictis-portfolio.ru\vendor\ictis_portfolio\core\Db.php | Строка: 21
=============
[2021-03-28 02:20:31] Текст ошибки: Нет соединения с БД | Файл: C:\OpenServer\domains\ictis-portfolio.ru\vendor\ictis_portfolio\core\Db.php | Строка: 21
=============
[2021-03-28 02:20:31] Текст ошибки: Нет соединения с БД | Файл: C:\OpenServer\domains\ictis-portfolio.ru\vendor\ictis_portfolio\core\Db.php | Строка: 21
=============
[2021-03-28 02:22:25] Текст ошибки: Нет соединения с БД | Файл: C:\OpenServer\domains\ictis-portfolio.ru\vendor\ictis_portfolio\core\Db.php | Строка: 21
=============
[2021-03-28 02:22:39] Текст ошибки: Нет соединения с БД | Файл: C:\OpenServer\domains\ictis-portfolio.ru\vendor\ictis_portfolio\core\Db.php | Строка: 21
=============
[2021-03-28 02:22:39] Текст ошибки: Нет соединения с БД | Файл: C:\OpenServer\domains\ictis-portfolio.ru\vendor\ictis_portfolio\core\Db.php | Строка: 21
=============
[2021-03-28 02:22:39] Текст ошибки: Нет соединения с БД | Файл: C:\OpenServer\domains\ictis-portfolio.ru\vendor\ictis_portfolio\core\Db.php | Строка: 21
=============
[2021-03-28 02:22:39] Текст ошибки: Нет соединения с БД | Файл: C:\OpenServer\domains\ictis-portfolio.ru\vendor\ictis_portfolio\core\Db.php | Строка: 21
=============
[2021-03-28 02:24:42] Текст ошибки: Нет соединения с БД | Файл: C:\OpenServer\domains\ictis-portfolio.ru\vendor\ictis_portfolio\core\Db.php | Строка: 21
=============
[2021-03-28 02:24:42] Текст ошибки: Нет соединения с БД | Файл: C:\OpenServer\domains\ictis-portfolio.ru\vendor\ictis_portfolio\core\Db.php | Строка: 21
=============
[2021-03-28 02:24:42] Текст ошибки: Нет соединения с БД | Файл: C:\OpenServer\domains\ictis-portfolio.ru\vendor\ictis_portfolio\core\Db.php | Строка: 21
=============
[2021-03-28 02:24:42] Текст ошибки: Нет соединения с БД | Файл: C:\OpenServer\domains\ictis-portfolio.ru\vendor\ictis_portfolio\core\Db.php | Строка: 21
=============
[2021-03-28 02:24:42] Текст ошибки: Нет соединения с БД | Файл: C:\OpenServer\domains\ictis-portfolio.ru\vendor\ictis_portfolio\core\Db.php | Строка: 21
=============
[2021-03-28 02:24:43] Текст ошибки: Нет соединения с БД | Файл: C:\OpenServer\domains\ictis-portfolio.ru\vendor\ictis_portfolio\core\Db.php | Строка: 21
=============
[2021-03-28 02:24:43] Текст ошибки: Нет соединения с БД | Файл: C:\OpenServer\domains\ictis-portfolio.ru\vendor\ictis_portfolio\core\Db.php | Строка: 21
=============
[2021-03-28 02:26:10] Текст ошибки: Нет соединения с БД | Файл: C:\OpenServer\domains\ictis-portfolio.ru\vendor\ictis_portfolio\core\Db.php | Строка: 21
=============
[2021-03-28 02:26:11] Текст ошибки: Нет соединения с БД | Файл: C:\OpenServer\domains\ictis-portfolio.ru\vendor\ictis_portfolio\core\Db.php | Строка: 21
=============
[2021-03-28 02:26:11] Текст ошибки: Нет соединения с БД | Файл: C:\OpenServer\domains\ictis-portfolio.ru\vendor\ictis_portfolio\core\Db.php | Строка: 21
=============
[2021-03-28 02:26:11] Текст ошибки: Нет соединения с БД | Файл: C:\OpenServer\domains\ictis-portfolio.ru\vendor\ictis_portfolio\core\Db.php | Строка: 21
=============
[2021-03-28 02:26:11] Текст ошибки: Нет соединения с БД | Файл: C:\OpenServer\domains\ictis-portfolio.ru\vendor\ictis_portfolio\core\Db.php | Строка: 21
=============
[2021-03-28 02:26:11] Текст ошибки: Нет соединения с БД | Файл: C:\OpenServer\domains\ictis-portfolio.ru\vendor\ictis_portfolio\core\Db.php | Строка: 21
=============
[2021-03-28 02:28:01] Текст ошибки: syntax error, unexpected '\' (T_NS_SEPARATOR) | Файл: C:\OpenServer\domains\ictis-portfolio.ru\vendor\ictis_portfolio\core\Db.php | Строка: 19
=============
[2021-03-28 02:28:12] Текст ошибки: Нет соединения с БД | Файл: C:\OpenServer\domains\ictis-portfolio.ru\vendor\ictis_portfolio\core\Db.php | Строка: 21
=============
[2021-03-28 02:28:36] Текст ошибки: Нет соединения с БД | Файл: C:\OpenServer\domains\ictis-portfolio.ru\vendor\ictis_portfolio\core\Db.php | Строка: 21
=============
[2021-03-28 02:28:58] Текст ошибки: Нет соединения с БД | Файл: C:\OpenServer\domains\ictis-portfolio.ru\vendor\ictis_portfolio\core\Db.php | Строка: 21
=============
[2021-03-28 02:31:28] Текст ошибки: Нет соединения с БД | Файл: C:\OpenServer\domains\ictis-portfolio.ru\vendor\ictis_portfolio\core\Db.php | Строка: 21
=============
[2021-03-28 02:31:36] Текст ошибки: Нет соединения с БД | Файл: C:\OpenServer\domains\ictis-portfolio.ru\vendor\ictis_portfolio\core\Db.php | Строка: 21
=============
[2021-03-28 02:31:50] Текст ошибки: Нет соединения с БД | Файл: C:\OpenServer\domains\ictis-portfolio.ru\vendor\ictis_portfolio\core\Db.php | Строка: 21
=============
[2021-03-28 02:33:29] Текст ошибки: Нет соединения с БД | Файл: C:\OpenServer\domains\ictis-portfolio.ru\vendor\ictis_portfolio\core\Db.php | Строка: 21
=============
[2021-03-28 02:36:05] Текст ошибки: Нет соединения с БД | Файл: C:\OpenServer\domains\ictis-portfolio.ru\vendor\ictis_portfolio\core\Db.php | Строка: 21
=============
[2021-03-28 02:37:13] Текст ошибки: Нет соединения с БД | Файл: C:\OpenServer\domains\ictis-portfolio.ru\vendor\ictis_portfolio\core\Db.php | Строка: 23
=============
[2021-03-28 02:37:14] Текст ошибки: Нет соединения с БД | Файл: C:\OpenServer\domains\ictis-portfolio.ru\vendor\ictis_portfolio\core\Db.php | Строка: 23
=============
[2021-03-28 02:37:14] Текст ошибки: Нет соединения с БД | Файл: C:\OpenServer\domains\ictis-portfolio.ru\vendor\ictis_portfolio\core\Db.php | Строка: 23
=============
[2021-03-28 02:37:14] Текст ошибки: Нет соединения с БД | Файл: C:\OpenServer\domains\ictis-portfolio.ru\vendor\ictis_portfolio\core\Db.php | Строка: 23
=============
[2021-03-28 02:37:14] Текст ошибки: Нет соединения с БД | Файл: C:\OpenServer\domains\ictis-portfolio.ru\vendor\ictis_portfolio\core\Db.php | Строка: 23
=============
[2021-03-28 02:37:14] Текст ошибки: Нет соединения с БД | Файл: C:\OpenServer\domains\ictis-portfolio.ru\vendor\ictis_portfolio\core\Db.php | Строка: 23
=============
[2021-03-28 02:37:21] Текст ошибки: Class 'R' not found | Файл: C:\OpenServer\domains\ictis-portfolio.ru\vendor\ictis_portfolio\core\Db.php | Строка: 19
=============
[2021-03-28 02:37:22] Текст ошибки: Class 'R' not found | Файл: C:\OpenServer\domains\ictis-portfolio.ru\vendor\ictis_portfolio\core\Db.php | Строка: 19
=============
[2021-03-28 02:37:22] Текст ошибки: Class 'R' not found | Файл: C:\OpenServer\domains\ictis-portfolio.ru\vendor\ictis_portfolio\core\Db.php | Строка: 19
=============
[2021-03-28 02:37:54] Текст ошибки: Нет соединения с БД | Файл: C:\OpenServer\domains\ictis-portfolio.ru\vendor\ictis_portfolio\core\Db.php | Строка: 23
=============
[2021-03-28 02:37:54] Текст ошибки: Нет соединения с БД | Файл: C:\OpenServer\domains\ictis-portfolio.ru\vendor\ictis_portfolio\core\Db.php | Строка: 23
=============
[2021-03-28 02:37:54] Текст ошибки: Нет соединения с БД | Файл: C:\OpenServer\domains\ictis-portfolio.ru\vendor\ictis_portfolio\core\Db.php | Строка: 23
=============
[2021-03-28 02:37:55] Текст ошибки: Нет соединения с БД | Файл: C:\OpenServer\domains\ictis-portfolio.ru\vendor\ictis_portfolio\core\Db.php | Строка: 23
=============
[2021-03-28 02:38:13] Текст ошибки: Нет соединения с БД | Файл: C:\OpenServer\domains\ictis-portfolio.ru\vendor\ictis_portfolio\core\Db.php | Строка: 23
=============
[2021-03-28 02:38:35] Текст ошибки: Нет соединения с БД | Файл: C:\OpenServer\domains\ictis-portfolio.ru\vendor\ictis_portfolio\core\Db.php | Строка: 23
=============
[2021-03-28 02:38:42] Текст ошибки: Нет соединения с БД | Файл: C:\OpenServer\domains\ictis-portfolio.ru\vendor\ictis_portfolio\core\Db.php | Строка: 23
=============
[2021-03-28 02:38:49] Текст ошибки: Нет соединения с БД | Файл: C:\OpenServer\domains\ictis-portfolio.ru\vendor\ictis_portfolio\core\Db.php | Строка: 23
=============
[2021-03-28 02:39:06] Текст ошибки: Нет соединения с БД | Файл: C:\OpenServer\domains\ictis-portfolio.ru\vendor\ictis_portfolio\core\Db.php | Строка: 23
=============
[2021-03-28 02:39:07] Текст ошибки: Нет соединения с БД | Файл: C:\OpenServer\domains\ictis-portfolio.ru\vendor\ictis_portfolio\core\Db.php | Строка: 23
=============
[2021-03-28 02:39:42] Текст ошибки: Нет соединения с БД | Файл: C:\OpenServer\domains\ictis-portfolio.ru\vendor\ictis_portfolio\core\Db.php | Строка: 24
=============
[2021-03-28 02:39:42] Текст ошибки: Нет соединения с БД | Файл: C:\OpenServer\domains\ictis-portfolio.ru\vendor\ictis_portfolio\core\Db.php | Строка: 24
=============
[2021-03-28 02:39:43] Текст ошибки: Нет соединения с БД | Файл: C:\OpenServer\domains\ictis-portfolio.ru\vendor\ictis_portfolio\core\Db.php | Строка: 24
=============
[2021-03-28 02:39:43] Текст ошибки: Нет соединения с БД | Файл: C:\OpenServer\domains\ictis-portfolio.ru\vendor\ictis_portfolio\core\Db.php | Строка: 24
=============
[2021-03-28 02:39:43] Текст ошибки: Нет соединения с БД | Файл: C:\OpenServer\domains\ictis-portfolio.ru\vendor\ictis_portfolio\core\Db.php | Строка: 24
=============
[2021-03-28 02:39:43] Текст ошибки: Нет соединения с БД | Файл: C:\OpenServer\domains\ictis-portfolio.ru\vendor\ictis_portfolio\core\Db.php | Строка: 24
=============
[2021-03-28 02:39:43] Текст ошибки: Нет соединения с БД | Файл: C:\OpenServer\domains\ictis-portfolio.ru\vendor\ictis_portfolio\core\Db.php | Строка: 24
=============
[2021-03-28 02:39:43] Текст ошибки: Нет соединения с БД | Файл: C:\OpenServer\domains\ictis-portfolio.ru\vendor\ictis_portfolio\core\Db.php | Строка: 24
=============
[2021-03-28 02:39:43] Текст ошибки: Нет соединения с БД | Файл: C:\OpenServer\domains\ictis-portfolio.ru\vendor\ictis_portfolio\core\Db.php | Строка: 24
=============
[2021-03-28 02:39:44] Текст ошибки: Нет соединения с БД | Файл: C:\OpenServer\domains\ictis-portfolio.ru\vendor\ictis_portfolio\core\Db.php | Строка: 24
=============
[2021-03-28 02:40:17] Текст ошибки: Нет соединения с БД | Файл: C:\OpenServer\domains\ictis-portfolio.ru\vendor\ictis_portfolio\core\Db.php | Строка: 24
=============
[2021-03-28 02:40:18] Текст ошибки: Нет соединения с БД | Файл: C:\OpenServer\domains\ictis-portfolio.ru\vendor\ictis_portfolio\core\Db.php | Строка: 24
=============
[2021-03-28 02:41:11] Текст ошибки: Нет соединения с БД | Файл: C:\OpenServer\domains\ictis-portfolio.ru\vendor\ictis_portfolio\core\Db.php | Строка: 24
=============
[2021-03-28 02:41:13] Текст ошибки: Нет соединения с БД | Файл: C:\OpenServer\domains\ictis-portfolio.ru\vendor\ictis_portfolio\core\Db.php | Строка: 24
=============
[2021-03-28 02:41:18] Текст ошибки: Нет соединения с БД | Файл: C:\OpenServer\domains\ictis-portfolio.ru\vendor\ictis_portfolio\core\Db.php | Строка: 24
=============
[2021-03-28 02:41:19] Текст ошибки: Нет соединения с БД | Файл: C:\OpenServer\domains\ictis-portfolio.ru\vendor\ictis_portfolio\core\Db.php | Строка: 24
=============
[2021-03-28 02:41:38] Текст ошибки: Нет соединения с БД | Файл: C:\OpenServer\domains\ictis-portfolio.ru\vendor\ictis_portfolio\core\Db.php | Строка: 24
=============
[2021-03-28 02:45:01] Текст ошибки: Нет соединения с БД | Файл: C:\OpenServer\domains\ictis-portfolio.ru\vendor\ictis_portfolio\core\Db.php | Строка: 24
=============
[2021-03-28 02:45:02] Текст ошибки: Нет соединения с БД | Файл: C:\OpenServer\domains\ictis-portfolio.ru\vendor\ictis_portfolio\core\Db.php | Строка: 24
=============
[2021-03-28 02:47:17] Текст ошибки: Class 'ictis_portfolio\PDO' not found | Файл: C:\OpenServer\domains\ictis-portfolio.ru\vendor\ictis_portfolio\core\Db.php | Строка: 23
=============
[2021-03-28 02:47:18] Текст ошибки: Class 'ictis_portfolio\PDO' not found | Файл: C:\OpenServer\domains\ictis-portfolio.ru\vendor\ictis_portfolio\core\Db.php | Строка: 23
=============
[2021-03-28 02:48:32] Текст ошибки: Нет соединения с БД | Файл: C:\OpenServer\domains\ictis-portfolio.ru\vendor\ictis_portfolio\core\Db.php | Строка: 30
=============
[2021-03-28 02:53:07] Текст ошибки: Нет соединения с БД | Файл: C:\OpenServer\domains\ictis-portfolio.ru\vendor\ictis_portfolio\core\Db.php | Строка: 30
=============
[2021-03-28 18:00:02] Текст ошибки: Страница не найдена | Файл: C:\OpenServer\domains\ictis-portfolio.ru\vendor\ictis_portfolio\core\Router.php | Строка: 55
=============
[2021-04-01 22:04:07] Текст ошибки: Страница не найдена | Файл: C:\OpenServer\domains\ictis-portfolio.ru\vendor\ictis_portfolio\core\Router.php | Строка: 55
=============
[2021-04-01 22:09:36] Текст ошибки: Call to undefined function renderTemplate() | Файл: C:\OpenServer\domains\ictis-portfolio.ru\app\views\layouts\home.php | Строка: 130
=============
[2021-04-01 22:09:37] Текст ошибки: Страница не найдена | Файл: C:\OpenServer\domains\ictis-portfolio.ru\vendor\ictis_portfolio\core\Router.php | Строка: 55
=============
[2021-04-01 22:09:37] Текст ошибки: Страница не найдена | Файл: C:\OpenServer\domains\ictis-portfolio.ru\vendor\ictis_portfolio\core\Router.php | Строка: 55
=============
[2021-04-01 22:09:37] Текст ошибки: Страница не найдена | Файл: C:\OpenServer\domains\ictis-portfolio.ru\vendor\ictis_portfolio\core\Router.php | Строка: 55
=============
[2021-04-01 22:09:37] Текст ошибки: Страница не найдена | Файл: C:\OpenServer\domains\ictis-portfolio.ru\vendor\ictis_portfolio\core\Router.php | Строка: 55
=============
[2021-04-01 22:10:16] Текст ошибки: Страница не найдена | Файл: C:\OpenServer\domains\ictis-portfolio.ru\vendor\ictis_portfolio\core\Router.php | Строка: 55
=============
[2021-04-01 22:10:16] Текст ошибки: Страница не найдена | Файл: C:\OpenServer\domains\ictis-portfolio.ru\vendor\ictis_portfolio\core\Router.php | Строка: 55
=============
[2021-04-01 22:10:16] Текст ошибки: Страница не найдена | Файл: C:\OpenServer\domains\ictis-portfolio.ru\vendor\ictis_portfolio\core\Router.php | Строка: 55
=============
[2021-04-01 22:10:16] Текст ошибки: Страница не найдена | Файл: C:\OpenServer\domains\ictis-portfolio.ru\vendor\ictis_portfolio\core\Router.php | Строка: 55
=============
[2021-04-01 22:10:16] Текст ошибки: Страница не найдена | Файл: C:\OpenServer\domains\ictis-portfolio.ru\vendor\ictis_portfolio\core\Router.php | Строка: 55
=============
[2021-04-01 22:10:16] Текст ошибки: Страница не найдена | Файл: C:\OpenServer\domains\ictis-portfolio.ru\vendor\ictis_portfolio\core\Router.php | Строка: 55
=============
[2021-04-01 22:10:16] Текст ошибки: Страница не найдена | Файл: C:\OpenServer\domains\ictis-portfolio.ru\vendor\ictis_portfolio\core\Router.php | Строка: 55
=============
[2021-04-01 22:10:16] Текст ошибки: Страница не найдена | Файл: C:\OpenServer\domains\ictis-portfolio.ru\vendor\ictis_portfolio\core\Router.php | Строка: 55
=============
[2021-04-01 22:10:16] Текст ошибки: Страница не найдена | Файл: C:\OpenServer\domains\ictis-portfolio.ru\vendor\ictis_portfolio\core\Router.php | Строка: 55
=============
[2021-04-01 22:10:16] Текст ошибки: Страница не найдена | Файл: C:\OpenServer\domains\ictis-portfolio.ru\vendor\ictis_portfolio\core\Router.php | Строка: 55
=============
[2021-04-01 22:10:16] Текст ошибки: Страница не найдена | Файл: C:\OpenServer\domains\ictis-portfolio.ru\vendor\ictis_portfolio\core\Router.php | Строка: 55
=============
[2021-04-01 22:10:16] Текст ошибки: Страница не найдена | Файл: C:\OpenServer\domains\ictis-portfolio.ru\vendor\ictis_portfolio\core\Router.php | Строка: 55
=============
[2021-04-01 22:10:16] Текст ошибки: Страница не найдена | Файл: C:\OpenServer\domains\ictis-portfolio.ru\vendor\ictis_portfolio\core\Router.php | Строка: 55
=============
[2021-04-01 22:10:16] Текст ошибки: Страница не найдена | Файл: C:\OpenServer\domains\ictis-portfolio.ru\vendor\ictis_portfolio\core\Router.php | Строка: 55
=============
[2021-04-01 22:10:16] Текст ошибки: Страница не найдена | Файл: C:\OpenServer\domains\ictis-portfolio.ru\vendor\ictis_portfolio\core\Router.php | Строка: 55
=============
[2021-04-01 22:10:27] Текст ошибки: Страница не найдена | Файл: C:\OpenServer\domains\ictis-portfolio.ru\vendor\ictis_portfolio\core\Router.php | Строка: 55
=============
[2021-04-01 22:10:27] Текст ошибки: Страница не найдена | Файл: C:\OpenServer\domains\ictis-portfolio.ru\vendor\ictis_portfolio\core\Router.php | Строка: 55
=============
[2021-04-01 22:10:27] Текст ошибки: Страница не найдена | Файл: C:\OpenServer\domains\ictis-portfolio.ru\vendor\ictis_portfolio\core\Router.php | Строка: 55
=============
[2021-04-01 22:10:27] Текст ошибки: Страница не найдена | Файл: C:\OpenServer\domains\ictis-portfolio.ru\vendor\ictis_portfolio\core\Router.php | Строка: 55
=============
[2021-04-01 22:10:27] Текст ошибки: Страница не найдена | Файл: C:\OpenServer\domains\ictis-portfolio.ru\vendor\ictis_portfolio\core\Router.php | Строка: 55
=============
[2021-04-01 22:10:27] Текст ошибки: Страница не найдена | Файл: C:\OpenServer\domains\ictis-portfolio.ru\vendor\ictis_portfolio\core\Router.php | Строка: 55
=============
[2021-04-01 22:10:27] Текст ошибки: Страница не найдена | Файл: C:\OpenServer\domains\ictis-portfolio.ru\vendor\ictis_portfolio\core\Router.php | Строка: 55
=============
[2021-04-01 22:10:27] Текст ошибки: Страница не найдена | Файл: C:\OpenServer\domains\ictis-portfolio.ru\vendor\ictis_portfolio\core\Router.php | Строка: 55
=============
[2021-04-01 22:10:27] Текст ошибки: Страница не найдена | Файл: C:\OpenServer\domains\ictis-portfolio.ru\vendor\ictis_portfolio\core\Router.php | Строка: 55
=============
[2021-04-01 22:10:27] Текст ошибки: Страница не найдена | Файл: C:\OpenServer\domains\ictis-portfolio.ru\vendor\ictis_portfolio\core\Router.php | Строка: 55
=============
[2021-04-01 22:10:27] Текст ошибки: Страница не найдена | Файл: C:\OpenServer\domains\ictis-portfolio.ru\vendor\ictis_portfolio\core\Router.php | Строка: 55
=============
[2021-04-01 22:10:27] Текст ошибки: Страница не найдена | Файл: C:\OpenServer\domains\ictis-portfolio.ru\vendor\ictis_portfolio\core\Router.php | Строка: 55
=============
[2021-04-01 22:10:27] Текст ошибки: Страница не найдена | Файл: C:\OpenServer\domains\ictis-portfolio.ru\vendor\ictis_portfolio\core\Router.php | Строка: 55
=============
[2021-04-01 22:10:27] Текст ошибки: Страница не найдена | Файл: C:\OpenServer\domains\ictis-portfolio.ru\vendor\ictis_portfolio\core\Router.php | Строка: 55
=============
[2021-04-01 22:10:27] Текст ошибки: Страница не найдена | Файл: C:\OpenServer\domains\ictis-portfolio.ru\vendor\ictis_portfolio\core\Router.php | Строка: 55
=============
[2021-04-01 22:10:27] Текст ошибки: Страница не найдена | Файл: C:\OpenServer\domains\ictis-portfolio.ru\vendor\ictis_portfolio\core\Router.php | Строка: 55
=============
[2021-04-01 22:10:28] Текст ошибки: Страница не найдена | Файл: C:\OpenServer\domains\ictis-portfolio.ru\vendor\ictis_portfolio\core\Router.php | Строка: 55
=============
[2021-04-01 22:10:59] Текст ошибки: Страница не найдена | Файл: C:\OpenServer\domains\ictis-portfolio.ru\vendor\ictis_portfolio\core\Router.php | Строка: 55
=============
[2021-04-01 22:10:59] Текст ошибки: Страница не найдена | Файл: C:\OpenServer\domains\ictis-portfolio.ru\vendor\ictis_portfolio\core\Router.php | Строка: 55
=============
[2021-04-01 22:10:59] Текст ошибки: Страница не найдена | Файл: C:\OpenServer\domains\ictis-portfolio.ru\vendor\ictis_portfolio\core\Router.php | Строка: 55
=============
[2021-04-01 22:10:59] Текст ошибки: Страница не найдена | Файл: C:\OpenServer\domains\ictis-portfolio.ru\vendor\ictis_portfolio\core\Router.php | Строка: 55
=============
[2021-04-01 22:10:59] Текст ошибки: Страница не найдена | Файл: C:\OpenServer\domains\ictis-portfolio.ru\vendor\ictis_portfolio\core\Router.php | Строка: 55
=============
[2021-04-01 22:10:59] Текст ошибки: Страница не найдена | Файл: C:\OpenServer\domains\ictis-portfolio.ru\vendor\ictis_portfolio\core\Router.php | Строка: 55
=============
[2021-04-01 22:10:59] Текст ошибки: Страница не найдена | Файл: C:\OpenServer\domains\ictis-portfolio.ru\vendor\ictis_portfolio\core\Router.php | Строка: 55
=============
[2021-04-01 22:10:59] Текст ошибки: Страница не найдена | Файл: C:\OpenServer\domains\ictis-portfolio.ru\vendor\ictis_portfolio\core\Router.php | Строка: 55
=============
[2021-04-01 22:10:59] Текст ошибки: Страница не найдена | Файл: C:\OpenServer\domains\ictis-portfolio.ru\vendor\ictis_portfolio\core\Router.php | Строка: 55
=============
[2021-04-01 22:10:59] Текст ошибки: Страница не найдена | Файл: C:\OpenServer\domains\ictis-portfolio.ru\vendor\ictis_portfolio\core\Router.php | Строка: 55
=============
[2021-04-01 22:10:59] Текст ошибки: Страница не найдена | Файл: C:\OpenServer\domains\ictis-portfolio.ru\vendor\ictis_portfolio\core\Router.php | Строка: 55
=============
[2021-04-01 22:10:59] Текст ошибки: Страница не найдена | Файл: C:\OpenServer\domains\ictis-portfolio.ru\vendor\ictis_portfolio\core\Router.php | Строка: 55
=============
[2021-04-01 22:10:59] Текст ошибки: Страница не найдена | Файл: C:\OpenServer\domains\ictis-portfolio.ru\vendor\ictis_portfolio\core\Router.php | Строка: 55
=============
[2021-04-01 22:10:59] Текст ошибки: Страница не найдена | Файл: C:\OpenServer\domains\ictis-portfolio.ru\vendor\ictis_portfolio\core\Router.php | Строка: 55
=============
[2021-04-01 22:10:59] Текст ошибки: Страница не найдена | Файл: C:\OpenServer\domains\ictis-portfolio.ru\vendor\ictis_portfolio\core\Router.php | Строка: 55
=============
[2021-04-01 22:10:59] Текст ошибки: Страница не найдена | Файл: C:\OpenServer\domains\ictis-portfolio.ru\vendor\ictis_portfolio\core\Router.php | Строка: 55
=============
[2021-04-01 22:10:59] Текст ошибки: Страница не найдена | Файл: C:\OpenServer\domains\ictis-portfolio.ru\vendor\ictis_portfolio\core\Router.php | Строка: 55
=============
[2021-04-01 23:21:11] Текст ошибки: syntax error, unexpected '?>' | Файл: C:\OpenServer\domains\ictis-portfolio.ru\app\views\layouts\home.php | Строка: 51
=============
[2021-04-12 12:56:17] Текст ошибки: Страница не найдена | Файл: C:\OpenServer\domains\ictis-portfolio.ru\vendor\ictis_portfolio\core\Router.php | Строка: 55
=============
[2021-04-12 15:34:44] Текст ошибки: Страница не найдена | Файл: C:\OpenServer\domains\ictis-portfolio.ru\vendor\ictis_portfolio\core\Router.php | Строка: 55
=============
[2021-04-12 15:58:54] Текст ошибки: Страница не найдена | Файл: C:\OpenServer\domains\ictis-portfolio.ru\vendor\ictis_portfolio\core\Router.php | Строка: 55
=============
[2021-04-12 16:28:23] Текст ошибки: Страница не найдена | Файл: C:\OpenServer\domains\ictis-portfolio.ru\vendor\ictis_portfolio\core\Router.php | Строка: 55
=============
[2021-04-12 16:28:42] Текст ошибки: Страница не найдена | Файл: C:\OpenServer\domains\ictis-portfolio.ru\vendor\ictis_portfolio\core\Router.php | Строка: 55
=============
[2021-04-12 23:20:31] Текст ошибки: Страница не найдена | Файл: C:\OpenServer\domains\ictis-portfolio.ru\vendor\ictis_portfolio\core\Router.php | Строка: 55
=============
[2021-04-12 23:20:34] Текст ошибки: Страница не найдена | Файл: C:\OpenServer\domains\ictis-portfolio.ru\vendor\ictis_portfolio\core\Router.php | Строка: 55
=============
[2021-04-12 23:21:51] Текст ошибки: syntax error, unexpected '/' | Файл: C:\OpenServer\domains\ictis-portfolio.ru\app\views\Main\index.php | Строка: 25
=============
[2021-04-12 23:21:52] Текст ошибки: syntax error, unexpected '/' | Файл: C:\OpenServer\domains\ictis-portfolio.ru\app\views\Main\index.php | Строка: 25
=============
[2021-04-12 23:22:14] Текст ошибки: Страница не найдена | Файл: C:\OpenServer\domains\ictis-portfolio.ru\vendor\ictis_portfolio\core\Router.php | Строка: 55
=============
[2021-04-12 23:22:23] Текст ошибки: Страница не найдена | Файл: C:\OpenServer\domains\ictis-portfolio.ru\vendor\ictis_portfolio\core\Router.php | Строка: 55
=============
[2021-04-12 23:23:13] Текст ошибки: Страница не найдена | Файл: C:\OpenServer\domains\ictis-portfolio.ru\vendor\ictis_portfolio\core\Router.php | Строка: 55
=============
[2021-04-12 23:23:54] Текст ошибки: Страница не найдена | Файл: C:\OpenServer\domains\ictis-portfolio.ru\vendor\ictis_portfolio\core\Router.php | Строка: 55
=============
[2021-04-12 23:27:31] Текст ошибки: Страница не найдена | Файл: C:\OpenServer\domains\ictis-portfolio.ru\vendor\ictis_portfolio\core\Router.php | Строка: 55
=============
[2021-04-12 23:29:10] Текст ошибки: Страница не найдена | Файл: C:\OpenServer\domains\ictis-portfolio.ru\vendor\ictis_portfolio\core\Router.php | Строка: 55
=============
[2021-04-12 23:32:18] Текст ошибки: Страница не найдена | Файл: C:\OpenServer\domains\ictis-portfolio.ru\vendor\ictis_portfolio\core\Router.php | Строка: 55
=============
[2021-04-12 23:34:28] Текст ошибки: Страница не найдена | Файл: C:\OpenServer\domains\ictis-portfolio.ru\vendor\ictis_portfolio\core\Router.php | Строка: 55
=============
[2021-04-12 23:34:30] Текст ошибки: Страница не найдена | Файл: C:\OpenServer\domains\ictis-portfolio.ru\vendor\ictis_portfolio\core\Router.php | Строка: 55
=============
[2021-04-12 23:34:39] Текст ошибки: Страница не найдена | Файл: C:\OpenServer\domains\ictis-portfolio.ru\vendor\ictis_portfolio\core\Router.php | Строка: 55
=============
[2021-04-12 23:34:40] Текст ошибки: Страница не найдена | Файл: C:\OpenServer\domains\ictis-portfolio.ru\vendor\ictis_portfolio\core\Router.php | Строка: 55
=============
[2021-04-12 23:35:05] Текст ошибки: Страница не найдена | Файл: C:\OpenServer\domains\ictis-portfolio.ru\vendor\ictis_portfolio\core\Router.php | Строка: 55
=============
[2021-04-12 23:35:25] Текст ошибки: Страница не найдена | Файл: C:\OpenServer\domains\ictis-portfolio.ru\vendor\ictis_portfolio\core\Router.php | Строка: 55
=============
[2021-04-12 23:35:44] Текст ошибки: Страница не найдена | Файл: C:\OpenServer\domains\ictis-portfolio.ru\vendor\ictis_portfolio\core\Router.php | Строка: 55
=============
[2021-04-12 23:36:10] Текст ошибки: Страница не найдена | Файл: C:\OpenServer\domains\ictis-portfolio.ru\vendor\ictis_portfolio\core\Router.php | Строка: 55
=============
[2021-04-12 23:36:11] Текст ошибки: Страница не найдена | Файл: C:\OpenServer\domains\ictis-portfolio.ru\vendor\ictis_portfolio\core\Router.php | Строка: 55
=============
[2021-04-13 13:51:41] Текст ошибки: Страница не найдена | Файл: C:\OpenServer\domains\ictis-portfolio.ru\vendor\ictis_portfolio\core\Router.php | Строка: 55
=============
[2021-04-13 13:54:55] Текст ошибки: Страница не найдена | Файл: C:\OpenServer\domains\ictis-portfolio.ru\vendor\ictis_portfolio\core\Router.php | Строка: 55
=============
[2021-04-13 13:55:31] Текст ошибки: Страница не найдена | Файл: C:\OpenServer\domains\ictis-portfolio.ru\vendor\ictis_portfolio\core\Router.php | Строка: 55
=============
[2021-04-13 13:55:56] Текст ошибки: Страница не найдена | Файл: C:\OpenServer\domains\ictis-portfolio.ru\vendor\ictis_portfolio\core\Router.php | Строка: 55
=============
[2021-04-13 13:56:46] Текст ошибки: Страница не найдена | Файл: C:\OpenServer\domains\ictis-portfolio.ru\vendor\ictis_portfolio\core\Router.php | Строка: 55
=============
[2021-04-13 13:56:47] Текст ошибки: Страница не найдена | Файл: C:\OpenServer\domains\ictis-portfolio.ru\vendor\ictis_portfolio\core\Router.php | Строка: 55
=============
[2021-04-13 13:57:02] Текст ошибки: Страница не найдена | Файл: C:\OpenServer\domains\ictis-portfolio.ru\vendor\ictis_portfolio\core\Router.php | Строка: 55
=============
[2021-04-13 13:57:03] Текст ошибки: Страница не найдена | Файл: C:\OpenServer\domains\ictis-portfolio.ru\vendor\ictis_portfolio\core\Router.php | Строка: 55
=============
[2021-04-13 13:57:03] Текст ошибки: Страница не найдена | Файл: C:\OpenServer\domains\ictis-portfolio.ru\vendor\ictis_portfolio\core\Router.php | Строка: 55
=============
[2021-04-13 13:57:08] Текст ошибки: Страница не найдена | Файл: C:\OpenServer\domains\ictis-portfolio.ru\vendor\ictis_portfolio\core\Router.php | Строка: 55
=============
[2021-04-13 14:04:26] Текст ошибки: Страница не найдена | Файл: C:\OpenServer\domains\ictis-portfolio.ru\vendor\ictis_portfolio\core\Router.php | Строка: 55
=============
[2021-04-13 14:04:27] Текст ошибки: Страница не найдена | Файл: C:\OpenServer\domains\ictis-portfolio.ru\vendor\ictis_portfolio\core\Router.php | Строка: 55
=============
[2021-04-13 14:04:38] Текст ошибки: Страница не найдена | Файл: C:\OpenServer\domains\ictis-portfolio.ru\vendor\ictis_portfolio\core\Router.php | Строка: 55
=============
[2021-04-13 14:04:43] Текст ошибки: Страница не найдена | Файл: C:\OpenServer\domains\ictis-portfolio.ru\vendor\ictis_portfolio\core\Router.php | Строка: 55
=============
[2021-04-13 14:04:43] Текст ошибки: Страница не найдена | Файл: C:\OpenServer\domains\ictis-portfolio.ru\vendor\ictis_portfolio\core\Router.php | Строка: 55
=============
[2021-04-13 14:11:47] Текст ошибки: Страница не найдена | Файл: C:\OpenServer\domains\ictis-portfolio.ru\vendor\ictis_portfolio\core\Router.php | Строка: 55
=============
[2021-04-13 14:11:48] Текст ошибки: Страница не найдена | Файл: C:\OpenServer\domains\ictis-portfolio.ru\vendor\ictis_portfolio\core\Router.php | Строка: 55
=============
[2021-04-13 14:11:49] Текст ошибки: Страница не найдена | Файл: C:\OpenServer\domains\ictis-portfolio.ru\vendor\ictis_portfolio\core\Router.php | Строка: 55
=============
[2021-04-13 15:13:05] Текст ошибки: Страница не найдена | Файл: C:\OpenServer\domains\ictis-portfolio.ru\vendor\ictis_portfolio\core\Router.php | Строка: 55
=============
